/home/smartcart/ros2_ws/install/ultrasonic/lib/python3.10/site-packages/ultrasonic/obstacle.py
/home/smartcart/ros2_ws/install/ultrasonic/lib/python3.10/site-packages/ultrasonic/ultra_distL.py
/home/smartcart/ros2_ws/install/ultrasonic/lib/python3.10/site-packages/ultrasonic/distance_calculation.py
/home/smartcart/ros2_ws/install/ultrasonic/lib/python3.10/site-packages/ultrasonic/ultra_distR.py
/home/smartcart/ros2_ws/install/ultrasonic/lib/python3.10/site-packages/ultrasonic/__init__.py
/home/smartcart/ros2_ws/install/ultrasonic/lib/python3.10/site-packages/ultrasonic/__pycache__/obstacle.cpython-310.pyc
/home/smartcart/ros2_ws/install/ultrasonic/lib/python3.10/site-packages/ultrasonic/__pycache__/ultra_distL.cpython-310.pyc
/home/smartcart/ros2_ws/install/ultrasonic/lib/python3.10/site-packages/ultrasonic/__pycache__/distance_calculation.cpython-310.pyc
/home/smartcart/ros2_ws/install/ultrasonic/lib/python3.10/site-packages/ultrasonic/__pycache__/ultra_distR.cpython-310.pyc
/home/smartcart/ros2_ws/install/ultrasonic/lib/python3.10/site-packages/ultrasonic/__pycache__/__init__.cpython-310.pyc
/home/smartcart/ros2_ws/install/ultrasonic/share/ament_index/resource_index/packages/ultrasonic
/home/smartcart/ros2_ws/install/ultrasonic/share/ultrasonic/package.xml
/home/smartcart/ros2_ws/install/ultrasonic/lib/python3.10/site-packages/ultrasonic-0.0.0-py3.10.egg-info/entry_points.txt
/home/smartcart/ros2_ws/install/ultrasonic/lib/python3.10/site-packages/ultrasonic-0.0.0-py3.10.egg-info/SOURCES.txt
/home/smartcart/ros2_ws/install/ultrasonic/lib/python3.10/site-packages/ultrasonic-0.0.0-py3.10.egg-info/dependency_links.txt
/home/smartcart/ros2_ws/install/ultrasonic/lib/python3.10/site-packages/ultrasonic-0.0.0-py3.10.egg-info/PKG-INFO
/home/smartcart/ros2_ws/install/ultrasonic/lib/python3.10/site-packages/ultrasonic-0.0.0-py3.10.egg-info/zip-safe
/home/smartcart/ros2_ws/install/ultrasonic/lib/python3.10/site-packages/ultrasonic-0.0.0-py3.10.egg-info/requires.txt
/home/smartcart/ros2_ws/install/ultrasonic/lib/python3.10/site-packages/ultrasonic-0.0.0-py3.10.egg-info/top_level.txt
/home/smartcart/ros2_ws/install/ultrasonic/lib/ultrasonic/distance_calculation
/home/smartcart/ros2_ws/install/ultrasonic/lib/ultrasonic/obstacle
/home/smartcart/ros2_ws/install/ultrasonic/lib/ultrasonic/ultra_distL
/home/smartcart/ros2_ws/install/ultrasonic/lib/ultrasonic/ultra_distR
