[11.801s] DEBUG:colcon:Command line arguments: ['/usr/bin/colcon', 'build', '--packages-select', 'motor_control']
[11.802s] DEBUG:colcon:Parsed command line arguments: Namespace(log_base=None, log_level=None, verb_name='build', build_base='build', install_base='install', merge_install=False, symlink_install=False, test_result_base=None, continue_on_error=False, executor='parallel', parallel_workers=4, event_handlers=None, ignore_user_meta=False, metas=['./colcon.meta'], base_paths=['.'], packages_ignore=None, packages_ignore_regex=None, paths=None, packages_up_to=None, packages_up_to_regex=None, packages_above=None, packages_above_and_dependencies=None, packages_above_depth=None, packages_select_by_dep=None, packages_skip_by_dep=None, packages_skip_up_to=None, packages_select_build_failed=False, packages_skip_build_finished=False, packages_select_test_failures=False, packages_skip_test_passed=False, packages_select=['motor_control'], packages_skip=None, packages_select_regex=None, packages_skip_regex=None, packages_start=None, packages_end=None, allow_overriding=[], cmake_args=None, cmake_target=None, cmake_target_skip_unavailable=False, cmake_clean_cache=False, cmake_clean_first=False, cmake_force_configure=False, ament_cmake_args=None, catkin_cmake_args=None, catkin_skip_building_tests=False, verb_parser=<colcon_defaults.argument_parser.defaults.DefaultArgumentsDecorator object at 0xffffb07f94b0>, verb_extension=<colcon_core.verb.build.BuildVerb object at 0xffffb0aee710>, main=<bound method BuildVerb.main of <colcon_core.verb.build.BuildVerb object at 0xffffb0aee710>>)
[12.315s] Level 1:colcon.colcon_core.package_discovery:discover_packages(colcon_meta) check parameters
[12.316s] Level 1:colcon.colcon_core.package_discovery:discover_packages(recursive) check parameters
[12.317s] Level 1:colcon.colcon_core.package_discovery:discover_packages(ignore) check parameters
[12.317s] Level 1:colcon.colcon_core.package_discovery:discover_packages(path) check parameters
[12.317s] Level 1:colcon.colcon_core.package_discovery:discover_packages(colcon_meta) discover
[12.318s] Level 1:colcon.colcon_core.package_discovery:discover_packages(recursive) discover
[12.318s] INFO:colcon.colcon_core.package_discovery:Crawling recursively for packages in '/home/smartcart/ros2_ws/src/motor_control'
[12.319s] Level 1:colcon.colcon_core.package_identification:_identify(.) by extensions ['ignore', 'ignore_ament_install']
[12.320s] Level 1:colcon.colcon_core.package_identification:_identify(.) by extension 'ignore'
[12.320s] Level 1:colcon.colcon_core.package_identification:_identify(.) by extension 'ignore_ament_install'
[12.321s] Level 1:colcon.colcon_core.package_identification:_identify(.) by extensions ['colcon_pkg']
[12.321s] Level 1:colcon.colcon_core.package_identification:_identify(.) by extension 'colcon_pkg'
[12.322s] Level 1:colcon.colcon_core.package_identification:_identify(.) by extensions ['colcon_meta']
[12.322s] Level 1:colcon.colcon_core.package_identification:_identify(.) by extension 'colcon_meta'
[12.323s] Level 1:colcon.colcon_core.package_identification:_identify(.) by extensions ['ros']
[12.323s] Level 1:colcon.colcon_core.package_identification:_identify(.) by extension 'ros'
[12.442s] DEBUG:colcon.colcon_core.package_identification:Package '.' with type 'ros.ament_python' and name 'motor_control'
[12.443s] Level 1:colcon.colcon_core.package_discovery:discover_packages(recursive) using defaults
[12.443s] Level 1:colcon.colcon_core.package_discovery:discover_packages(ignore) discover
[12.444s] Level 1:colcon.colcon_core.package_discovery:discover_packages(ignore) using defaults
[12.444s] Level 1:colcon.colcon_core.package_discovery:discover_packages(path) discover
[12.444s] Level 1:colcon.colcon_core.package_discovery:discover_packages(path) using defaults
[13.445s] Level 1:colcon.colcon_core.package_discovery:discover_packages(prefix_path) check parameters
[13.446s] Level 1:colcon.colcon_core.package_discovery:discover_packages(prefix_path) discover
[13.790s] DEBUG:colcon.colcon_installed_package_information.package_discovery:Found 4 installed packages in /home/smartcart/ros2_ws/install
[13.972s] DEBUG:colcon.colcon_installed_package_information.package_discovery:Found 270 installed packages in /opt/ros/humble
[13.985s] Level 1:colcon.colcon_core.package_discovery:discover_packages(prefix_path) using defaults
[15.083s] Level 5:colcon.colcon_core.verb:set package 'motor_control' build argument 'cmake_args' from command line to 'None'
[15.083s] Level 5:colcon.colcon_core.verb:set package 'motor_control' build argument 'cmake_target' from command line to 'None'
[15.083s] Level 5:colcon.colcon_core.verb:set package 'motor_control' build argument 'cmake_target_skip_unavailable' from command line to 'False'
[15.084s] Level 5:colcon.colcon_core.verb:set package 'motor_control' build argument 'cmake_clean_cache' from command line to 'False'
[15.084s] Level 5:colcon.colcon_core.verb:set package 'motor_control' build argument 'cmake_clean_first' from command line to 'False'
[15.084s] Level 5:colcon.colcon_core.verb:set package 'motor_control' build argument 'cmake_force_configure' from command line to 'False'
[15.084s] Level 5:colcon.colcon_core.verb:set package 'motor_control' build argument 'ament_cmake_args' from command line to 'None'
[15.084s] Level 5:colcon.colcon_core.verb:set package 'motor_control' build argument 'catkin_cmake_args' from command line to 'None'
[15.085s] Level 5:colcon.colcon_core.verb:set package 'motor_control' build argument 'catkin_skip_building_tests' from command line to 'False'
[15.085s] DEBUG:colcon.colcon_core.verb:Building package 'motor_control' with the following arguments: {'ament_cmake_args': None, 'build_base': '/home/smartcart/ros2_ws/src/motor_control/build/motor_control', 'catkin_cmake_args': None, 'catkin_skip_building_tests': False, 'cmake_args': None, 'cmake_clean_cache': False, 'cmake_clean_first': False, 'cmake_force_configure': False, 'cmake_target': None, 'cmake_target_skip_unavailable': False, 'install_base': '/home/smartcart/ros2_ws/src/motor_control/install/motor_control', 'merge_install': False, 'path': '/home/smartcart/ros2_ws/src/motor_control', 'symlink_install': False, 'test_result_base': None}
[15.252s] INFO:colcon.colcon_core.executor:Executing jobs using 'parallel' executor
[15.424s] DEBUG:colcon.colcon_parallel_executor.executor.parallel:run_until_complete
[15.427s] INFO:colcon.colcon_ros.task.ament_python.build:Building ROS package in '/home/smartcart/ros2_ws/src/motor_control' with build type 'ament_python'
[15.428s] Level 1:colcon.colcon_core.shell:create_environment_hook('motor_control', 'ament_prefix_path')
[15.625s] INFO:colcon.colcon_core.plugin_system:Skipping extension 'colcon_core.shell.bat': Not used on non-Windows systems
[15.627s] INFO:colcon.colcon_core.shell:Creating environment hook '/home/smartcart/ros2_ws/src/motor_control/install/motor_control/share/motor_control/hook/ament_prefix_path.ps1'
[15.634s] INFO:colcon.colcon_core.shell:Creating environment descriptor '/home/smartcart/ros2_ws/src/motor_control/install/motor_control/share/motor_control/hook/ament_prefix_path.dsv'
[15.638s] INFO:colcon.colcon_core.shell:Creating environment hook '/home/smartcart/ros2_ws/src/motor_control/install/motor_control/share/motor_control/hook/ament_prefix_path.sh'
[15.821s] INFO:colcon.colcon_core.shell:Skip shell extension 'powershell' for command environment: Not usable outside of PowerShell
[15.822s] DEBUG:colcon.colcon_core.shell:Skip shell extension 'dsv' for command environment
[19.289s] INFO:colcon.colcon_core.task.python.build:Building Python package in '/home/smartcart/ros2_ws/src/motor_control'
[19.468s] INFO:colcon.colcon_core.shell:Skip shell extension 'powershell' for command environment: Not usable outside of PowerShell
[19.469s] DEBUG:colcon.colcon_core.shell:Skip shell extension 'dsv' for command environment
[24.221s] DEBUG:colcon.colcon_core.event_handler.log_command:Invoking command in '/home/smartcart/ros2_ws/src/motor_control': PYTHONPATH=/home/smartcart/ros2_ws/src/motor_control/build/motor_control/prefix_override:/home/smartcart/ros2_ws/src/motor_control/install/motor_control/lib/python3.10/site-packages:${PYTHONPATH} /usr/bin/python3 setup.py egg_info --egg-base build/motor_control build --build-base /home/smartcart/ros2_ws/src/motor_control/build/motor_control/build install --record /home/smartcart/ros2_ws/src/motor_control/build/motor_control/install.log --single-version-externally-managed
[27.523s] DEBUG:colcon.colcon_core.event_handler.log_command:Invoked command in '/home/smartcart/ros2_ws/src/motor_control' returned '0': PYTHONPATH=/home/smartcart/ros2_ws/src/motor_control/build/motor_control/prefix_override:/home/smartcart/ros2_ws/src/motor_control/install/motor_control/lib/python3.10/site-packages:${PYTHONPATH} /usr/bin/python3 setup.py egg_info --egg-base build/motor_control build --build-base /home/smartcart/ros2_ws/src/motor_control/build/motor_control/build install --record /home/smartcart/ros2_ws/src/motor_control/build/motor_control/install.log --single-version-externally-managed
[27.724s] Level 1:colcon.colcon_core.environment:checking '/home/smartcart/ros2_ws/src/motor_control/install/motor_control' for CMake module files
[27.728s] Level 1:colcon.colcon_core.environment:checking '/home/smartcart/ros2_ws/src/motor_control/install/motor_control' for CMake config files
[27.735s] Level 1:colcon.colcon_core.environment:checking '/home/smartcart/ros2_ws/src/motor_control/install/motor_control/lib'
[27.737s] Level 1:colcon.colcon_core.environment:checking '/home/smartcart/ros2_ws/src/motor_control/install/motor_control/bin'
[27.738s] Level 1:colcon.colcon_core.environment:checking '/home/smartcart/ros2_ws/src/motor_control/install/motor_control/lib/pkgconfig/motor_control.pc'
[27.740s] Level 1:colcon.colcon_core.environment:checking '/home/smartcart/ros2_ws/src/motor_control/install/motor_control/lib/python3.10/site-packages'
[27.741s] Level 1:colcon.colcon_core.shell:create_environment_hook('motor_control', 'pythonpath')
[27.917s] INFO:colcon.colcon_core.shell:Creating environment hook '/home/smartcart/ros2_ws/src/motor_control/install/motor_control/share/motor_control/hook/pythonpath.ps1'
[27.922s] INFO:colcon.colcon_core.shell:Creating environment descriptor '/home/smartcart/ros2_ws/src/motor_control/install/motor_control/share/motor_control/hook/pythonpath.dsv'
[27.925s] INFO:colcon.colcon_core.shell:Creating environment hook '/home/smartcart/ros2_ws/src/motor_control/install/motor_control/share/motor_control/hook/pythonpath.sh'
[27.931s] Level 1:colcon.colcon_core.environment:checking '/home/smartcart/ros2_ws/src/motor_control/install/motor_control/bin'
[27.932s] Level 1:colcon.colcon_core.environment:create_environment_scripts_only(motor_control)
[28.110s] INFO:colcon.colcon_core.shell:Creating package script '/home/smartcart/ros2_ws/src/motor_control/install/motor_control/share/motor_control/package.ps1'
[28.118s] INFO:colcon.colcon_core.shell:Creating package descriptor '/home/smartcart/ros2_ws/src/motor_control/install/motor_control/share/motor_control/package.dsv'
[28.123s] INFO:colcon.colcon_core.shell:Creating package script '/home/smartcart/ros2_ws/src/motor_control/install/motor_control/share/motor_control/package.sh'
[28.131s] INFO:colcon.colcon_core.shell:Creating package script '/home/smartcart/ros2_ws/src/motor_control/install/motor_control/share/motor_control/package.bash'
[28.137s] INFO:colcon.colcon_core.shell:Creating package script '/home/smartcart/ros2_ws/src/motor_control/install/motor_control/share/motor_control/package.zsh'
[28.143s] Level 1:colcon.colcon_core.environment:create_file_with_runtime_dependencies(/home/smartcart/ros2_ws/src/motor_control/install/motor_control/share/colcon-core/packages/motor_control)
[28.146s] DEBUG:colcon.colcon_parallel_executor.executor.parallel:closing loop
[28.149s] DEBUG:colcon.colcon_parallel_executor.executor.parallel:loop closed
[28.150s] DEBUG:colcon.colcon_parallel_executor.executor.parallel:run_until_complete finished with '0'
[28.151s] DEBUG:colcon.colcon_core.event_reactor:joining thread
[28.365s] INFO:colcon.colcon_core.plugin_system:Skipping extension 'colcon_notification.desktop_notification.notify_send': Could not find 'notify-send'
[28.366s] INFO:colcon.colcon_core.plugin_system:Skipping extension 'colcon_notification.desktop_notification.terminal_notifier': Not used on non-Darwin systems
[28.367s] INFO:colcon.colcon_core.plugin_system:Skipping extension 'colcon_notification.desktop_notification.win32': Not used on non-Windows systems
[28.367s] INFO:colcon.colcon_notification.desktop_notification:Sending desktop notification using 'notify2'
[28.373s] DEBUG:colcon.colcon_notification.desktop_notification.notify2:Failed to initialize notify2: org.freedesktop.DBus.Error.ServiceUnknown: The name org.freedesktop.Notifications was not provided by any .service files
[28.374s] DEBUG:colcon.colcon_core.event_reactor:joined thread
[28.542s] INFO:colcon.colcon_core.shell:Creating prefix script '/home/smartcart/ros2_ws/src/motor_control/install/local_setup.ps1'
[28.549s] INFO:colcon.colcon_core.shell:Creating prefix util module '/home/smartcart/ros2_ws/src/motor_control/install/_local_setup_util_ps1.py'
[28.560s] INFO:colcon.colcon_core.shell:Creating prefix chain script '/home/smartcart/ros2_ws/src/motor_control/install/setup.ps1'
[28.733s] INFO:colcon.colcon_core.shell:Creating prefix script '/home/smartcart/ros2_ws/src/motor_control/install/local_setup.sh'
[28.738s] INFO:colcon.colcon_core.shell:Creating prefix util module '/home/smartcart/ros2_ws/src/motor_control/install/_local_setup_util_sh.py'
[28.742s] INFO:colcon.colcon_core.shell:Creating prefix chain script '/home/smartcart/ros2_ws/src/motor_control/install/setup.sh'
[28.919s] INFO:colcon.colcon_core.shell:Creating prefix script '/home/smartcart/ros2_ws/src/motor_control/install/local_setup.bash'
[28.923s] INFO:colcon.colcon_core.shell:Creating prefix chain script '/home/smartcart/ros2_ws/src/motor_control/install/setup.bash'
[29.097s] INFO:colcon.colcon_core.shell:Creating prefix script '/home/smartcart/ros2_ws/src/motor_control/install/local_setup.zsh'
[29.102s] INFO:colcon.colcon_core.shell:Creating prefix chain script '/home/smartcart/ros2_ws/src/motor_control/install/setup.zsh'
