/home/smartcart/ros2_ws/install/motorControl/lib/python3.10/site-packages/motorControl/leftMotorPublisher.py
/home/smartcart/ros2_ws/install/motorControl/lib/python3.10/site-packages/motorControl/rightMotorPublisher.py
/home/smartcart/ros2_ws/install/motorControl/lib/python3.10/site-packages/motorControl/movementSubscriber.py
/home/smartcart/ros2_ws/install/motorControl/lib/python3.10/site-packages/motorControl/__init__.py
/home/smartcart/ros2_ws/install/motorControl/lib/python3.10/site-packages/motorControl/__pycache__/leftMotorPublisher.cpython-310.pyc
/home/smartcart/ros2_ws/install/motorControl/lib/python3.10/site-packages/motorControl/__pycache__/rightMotorPublisher.cpython-310.pyc
/home/smartcart/ros2_ws/install/motorControl/lib/python3.10/site-packages/motorControl/__pycache__/movementSubscriber.cpython-310.pyc
/home/smartcart/ros2_ws/install/motorControl/lib/python3.10/site-packages/motorControl/__pycache__/__init__.cpython-310.pyc
/home/smartcart/ros2_ws/install/motorControl/share/ament_index/resource_index/packages/motorControl
/home/smartcart/ros2_ws/install/motorControl/share/motorControl/package.xml
/home/smartcart/ros2_ws/install/motorControl/lib/python3.10/site-packages/motorControl-0.0.0-py3.10.egg-info/entry_points.txt
/home/smartcart/ros2_ws/install/motorControl/lib/python3.10/site-packages/motorControl-0.0.0-py3.10.egg-info/SOURCES.txt
/home/smartcart/ros2_ws/install/motorControl/lib/python3.10/site-packages/motorControl-0.0.0-py3.10.egg-info/dependency_links.txt
/home/smartcart/ros2_ws/install/motorControl/lib/python3.10/site-packages/motorControl-0.0.0-py3.10.egg-info/PKG-INFO
/home/smartcart/ros2_ws/install/motorControl/lib/python3.10/site-packages/motorControl-0.0.0-py3.10.egg-info/zip-safe
/home/smartcart/ros2_ws/install/motorControl/lib/python3.10/site-packages/motorControl-0.0.0-py3.10.egg-info/requires.txt
/home/smartcart/ros2_ws/install/motorControl/lib/python3.10/site-packages/motorControl-0.0.0-py3.10.egg-info/top_level.txt
/home/smartcart/ros2_ws/install/motorControl/lib/motorControl/leftMotor
/home/smartcart/ros2_ws/install/motorControl/lib/motorControl/movement
/home/smartcart/ros2_ws/install/motorControl/lib/motorControl/rightMotor
