[8.791s] Invoking command in '/home/smartcart/ros2_ws/src/motor_control': PYTHONPATH=/home/smartcart/ros2_ws/src/motor_control/build/motor_control/prefix_override:/home/smartcart/ros2_ws/src/motor_control/install/motor_control/lib/python3.10/site-packages:${PYTHONPATH} /usr/bin/python3 setup.py egg_info --egg-base build/motor_control build --build-base /home/smartcart/ros2_ws/src/motor_control/build/motor_control/build install --record /home/smartcart/ros2_ws/src/motor_control/build/motor_control/install.log --single-version-externally-managed
[11.494s] running egg_info
[11.499s] creating build/motor_control/motor_control.egg-info
[11.501s] writing build/motor_control/motor_control.egg-info/PKG-INFO
[11.503s] writing dependency_links to build/motor_control/motor_control.egg-info/dependency_links.txt
[11.505s] writing entry points to build/motor_control/motor_control.egg-info/entry_points.txt
[11.506s] writing requirements to build/motor_control/motor_control.egg-info/requires.txt
[11.507s] writing top-level names to build/motor_control/motor_control.egg-info/top_level.txt
[11.509s] writing manifest file 'build/motor_control/motor_control.egg-info/SOURCES.txt'
[11.524s] reading manifest file 'build/motor_control/motor_control.egg-info/SOURCES.txt'
[11.531s] writing manifest file 'build/motor_control/motor_control.egg-info/SOURCES.txt'
[11.532s] running build
[11.533s] running build_py
[11.535s] creating /home/smartcart/ros2_ws/src/motor_control/build/motor_control/build
[11.536s] creating /home/smartcart/ros2_ws/src/motor_control/build/motor_control/build/lib
[11.537s] creating /home/smartcart/ros2_ws/src/motor_control/build/motor_control/build/lib/motor_control
[11.538s] copying motor_control/leftMotorPublisher.py -> /home/smartcart/ros2_ws/src/motor_control/build/motor_control/build/lib/motor_control
[11.540s] copying motor_control/rightMotorPublisher.py -> /home/smartcart/ros2_ws/src/motor_control/build/motor_control/build/lib/motor_control
[11.541s] copying motor_control/movementSubscriber.py -> /home/smartcart/ros2_ws/src/motor_control/build/motor_control/build/lib/motor_control
[11.542s] copying motor_control/__init__.py -> /home/smartcart/ros2_ws/src/motor_control/build/motor_control/build/lib/motor_control
[11.544s] running install
[11.546s] /usr/lib/python3/dist-packages/setuptools/command/install.py:34: SetuptoolsDeprecationWarning: setup.py install is deprecated. Use build and pip and other standards-based tools.
[11.547s]   warnings.warn(
[11.549s] running install_lib
[11.555s] creating /home/smartcart/ros2_ws/src/motor_control/install/motor_control/lib/python3.10/site-packages/motor_control
[11.557s] copying /home/smartcart/ros2_ws/src/motor_control/build/motor_control/build/lib/motor_control/leftMotorPublisher.py -> /home/smartcart/ros2_ws/src/motor_control/install/motor_control/lib/python3.10/site-packages/motor_control
[11.558s] copying /home/smartcart/ros2_ws/src/motor_control/build/motor_control/build/lib/motor_control/rightMotorPublisher.py -> /home/smartcart/ros2_ws/src/motor_control/install/motor_control/lib/python3.10/site-packages/motor_control
[11.560s] copying /home/smartcart/ros2_ws/src/motor_control/build/motor_control/build/lib/motor_control/movementSubscriber.py -> /home/smartcart/ros2_ws/src/motor_control/install/motor_control/lib/python3.10/site-packages/motor_control
[11.561s] copying /home/smartcart/ros2_ws/src/motor_control/build/motor_control/build/lib/motor_control/__init__.py -> /home/smartcart/ros2_ws/src/motor_control/install/motor_control/lib/python3.10/site-packages/motor_control
[11.570s] byte-compiling /home/smartcart/ros2_ws/src/motor_control/install/motor_control/lib/python3.10/site-packages/motor_control/leftMotorPublisher.py to leftMotorPublisher.cpython-310.pyc
[11.575s] byte-compiling /home/smartcart/ros2_ws/src/motor_control/install/motor_control/lib/python3.10/site-packages/motor_control/rightMotorPublisher.py to rightMotorPublisher.cpython-310.pyc
[11.579s] byte-compiling /home/smartcart/ros2_ws/src/motor_control/install/motor_control/lib/python3.10/site-packages/motor_control/movementSubscriber.py to movementSubscriber.cpython-310.pyc
[11.583s] byte-compiling /home/smartcart/ros2_ws/src/motor_control/install/motor_control/lib/python3.10/site-packages/motor_control/__init__.py to __init__.cpython-310.pyc
[11.585s] running install_data
[11.590s] creating /home/smartcart/ros2_ws/src/motor_control/install/motor_control/share/ament_index
[11.591s] creating /home/smartcart/ros2_ws/src/motor_control/install/motor_control/share/ament_index/resource_index
[11.593s] creating /home/smartcart/ros2_ws/src/motor_control/install/motor_control/share/ament_index/resource_index/packages
[11.594s] copying resource/motor_control -> /home/smartcart/ros2_ws/src/motor_control/install/motor_control/share/ament_index/resource_index/packages
[11.595s] copying package.xml -> /home/smartcart/ros2_ws/src/motor_control/install/motor_control/share/motor_control
[11.596s] running install_egg_info
[11.622s] Copying build/motor_control/motor_control.egg-info to /home/smartcart/ros2_ws/src/motor_control/install/motor_control/lib/python3.10/site-packages/motor_control-0.0.0-py3.10.egg-info
[11.640s] running install_scripts
[11.821s] Installing leftMotor script to /home/smartcart/ros2_ws/src/motor_control/install/motor_control/lib/motor_control
[11.822s] Installing movement script to /home/smartcart/ros2_ws/src/motor_control/install/motor_control/lib/motor_control
[11.824s] Installing rightMotor script to /home/smartcart/ros2_ws/src/motor_control/install/motor_control/lib/motor_control
[11.827s] writing list of installed files to '/home/smartcart/ros2_ws/src/motor_control/build/motor_control/install.log'
[12.093s] Invoked command in '/home/smartcart/ros2_ws/src/motor_control' returned '0': PYTHONPATH=/home/smartcart/ros2_ws/src/motor_control/build/motor_control/prefix_override:/home/smartcart/ros2_ws/src/motor_control/install/motor_control/lib/python3.10/site-packages:${PYTHONPATH} /usr/bin/python3 setup.py egg_info --egg-base build/motor_control build --build-base /home/smartcart/ros2_ws/src/motor_control/build/motor_control/build install --record /home/smartcart/ros2_ws/src/motor_control/build/motor_control/install.log --single-version-externally-managed
