/home/smartcart/ros2_ws/install/motor_control/lib/python3.10/site-packages/motor_control/turn.py
/home/smartcart/ros2_ws/install/motor_control/lib/python3.10/site-packages/motor_control/leftMotorPublisher.py
/home/smartcart/ros2_ws/install/motor_control/lib/python3.10/site-packages/motor_control/movementSubscriber2.py
/home/smartcart/ros2_ws/install/motor_control/lib/python3.10/site-packages/motor_control/twoMotors.py
/home/smartcart/ros2_ws/install/motor_control/lib/python3.10/site-packages/motor_control/rightMotorPublisher.py
/home/smartcart/ros2_ws/install/motor_control/lib/python3.10/site-packages/motor_control/movementSubscriber.py
/home/smartcart/ros2_ws/install/motor_control/lib/python3.10/site-packages/motor_control/__init__.py
/home/smartcart/ros2_ws/install/motor_control/lib/python3.10/site-packages/motor_control/__pycache__/turn.cpython-310.pyc
/home/smartcart/ros2_ws/install/motor_control/lib/python3.10/site-packages/motor_control/__pycache__/leftMotorPublisher.cpython-310.pyc
/home/smartcart/ros2_ws/install/motor_control/lib/python3.10/site-packages/motor_control/__pycache__/movementSubscriber2.cpython-310.pyc
/home/smartcart/ros2_ws/install/motor_control/lib/python3.10/site-packages/motor_control/__pycache__/twoMotors.cpython-310.pyc
/home/smartcart/ros2_ws/install/motor_control/lib/python3.10/site-packages/motor_control/__pycache__/rightMotorPublisher.cpython-310.pyc
/home/smartcart/ros2_ws/install/motor_control/lib/python3.10/site-packages/motor_control/__pycache__/movementSubscriber.cpython-310.pyc
/home/smartcart/ros2_ws/install/motor_control/lib/python3.10/site-packages/motor_control/__pycache__/__init__.cpython-310.pyc
/home/smartcart/ros2_ws/install/motor_control/share/ament_index/resource_index/packages/motor_control
/home/smartcart/ros2_ws/install/motor_control/share/motor_control/package.xml
/home/smartcart/ros2_ws/install/motor_control/lib/python3.10/site-packages/motor_control-0.0.0-py3.10.egg-info/entry_points.txt
/home/smartcart/ros2_ws/install/motor_control/lib/python3.10/site-packages/motor_control-0.0.0-py3.10.egg-info/SOURCES.txt
/home/smartcart/ros2_ws/install/motor_control/lib/python3.10/site-packages/motor_control-0.0.0-py3.10.egg-info/dependency_links.txt
/home/smartcart/ros2_ws/install/motor_control/lib/python3.10/site-packages/motor_control-0.0.0-py3.10.egg-info/PKG-INFO
/home/smartcart/ros2_ws/install/motor_control/lib/python3.10/site-packages/motor_control-0.0.0-py3.10.egg-info/zip-safe
/home/smartcart/ros2_ws/install/motor_control/lib/python3.10/site-packages/motor_control-0.0.0-py3.10.egg-info/requires.txt
/home/smartcart/ros2_ws/install/motor_control/lib/python3.10/site-packages/motor_control-0.0.0-py3.10.egg-info/top_level.txt
/home/smartcart/ros2_ws/install/motor_control/lib/motor_control/leftMotor
/home/smartcart/ros2_ws/install/motor_control/lib/motor_control/movement
/home/smartcart/ros2_ws/install/motor_control/lib/motor_control/movement2
/home/smartcart/ros2_ws/install/motor_control/lib/motor_control/rightMotor
/home/smartcart/ros2_ws/install/motor_control/lib/motor_control/twoMotors
