/home/smartcart/ros2_ws/install/ui/lib/python3.10/site-packages/ui/user_interface.py
/home/smartcart/ros2_ws/install/ui/lib/python3.10/site-packages/ui/button_publisher.py
/home/smartcart/ros2_ws/install/ui/lib/python3.10/site-packages/ui/ui_client.py
/home/smartcart/ros2_ws/install/ui/lib/python3.10/site-packages/ui/button_subscriber.py
/home/smartcart/ros2_ws/install/ui/lib/python3.10/site-packages/ui/ui_client2.py
/home/smartcart/ros2_ws/install/ui/lib/python3.10/site-packages/ui/__init__.py
/home/smartcart/ros2_ws/install/ui/lib/python3.10/site-packages/ui/ui_service.py
/home/smartcart/ros2_ws/install/ui/lib/python3.10/site-packages/ui/__pycache__/user_interface.cpython-310.pyc
/home/smartcart/ros2_ws/install/ui/lib/python3.10/site-packages/ui/__pycache__/button_publisher.cpython-310.pyc
/home/smartcart/ros2_ws/install/ui/lib/python3.10/site-packages/ui/__pycache__/ui_client.cpython-310.pyc
/home/smartcart/ros2_ws/install/ui/lib/python3.10/site-packages/ui/__pycache__/button_subscriber.cpython-310.pyc
/home/smartcart/ros2_ws/install/ui/lib/python3.10/site-packages/ui/__pycache__/ui_client2.cpython-310.pyc
/home/smartcart/ros2_ws/install/ui/lib/python3.10/site-packages/ui/__pycache__/__init__.cpython-310.pyc
/home/smartcart/ros2_ws/install/ui/lib/python3.10/site-packages/ui/__pycache__/ui_service.cpython-310.pyc
/home/smartcart/ros2_ws/install/ui/share/ament_index/resource_index/packages/ui
/home/smartcart/ros2_ws/install/ui/share/ui/package.xml
/home/smartcart/ros2_ws/install/ui/lib/python3.10/site-packages/ui-0.0.0-py3.10.egg-info/entry_points.txt
/home/smartcart/ros2_ws/install/ui/lib/python3.10/site-packages/ui-0.0.0-py3.10.egg-info/SOURCES.txt
/home/smartcart/ros2_ws/install/ui/lib/python3.10/site-packages/ui-0.0.0-py3.10.egg-info/dependency_links.txt
/home/smartcart/ros2_ws/install/ui/lib/python3.10/site-packages/ui-0.0.0-py3.10.egg-info/PKG-INFO
/home/smartcart/ros2_ws/install/ui/lib/python3.10/site-packages/ui-0.0.0-py3.10.egg-info/zip-safe
/home/smartcart/ros2_ws/install/ui/lib/python3.10/site-packages/ui-0.0.0-py3.10.egg-info/requires.txt
/home/smartcart/ros2_ws/install/ui/lib/python3.10/site-packages/ui-0.0.0-py3.10.egg-info/top_level.txt
/home/smartcart/ros2_ws/install/ui/lib/user_interface/button_publisher
/home/smartcart/ros2_ws/install/ui/lib/user_interface/button_subscriber
/home/smartcart/ros2_ws/install/ui/lib/user_interface/ui_client2
/home/smartcart/ros2_ws/install/ui/lib/user_interface/user_interface
